The system is: Linux - 3.13.0-44-generic - x86_64
Compiling the C compiler identification source file "CMakeCCompilerId.c" succeeded.
Compiler: /usr/bin/cc 
Build flags: 
Id flags: 

The output was:
0


Compilation of the C compiler identification source "CMakeCCompilerId.c" produced "a.out"

The C compiler identification is GNU, found in "/home/derrick-ubuntu/Documents/cpe476/csc_476_adventure_manager/Lab1Template/CMakeFiles/2.8.12.2/CompilerIdC/a.out"

Compiling the CXX compiler identification source file "CMakeCXXCompilerId.cpp" succeeded.
Compiler: /usr/bin/c++ 
Build flags: 
Id flags: 

The output was:
0


Compilation of the CXX compiler identification source "CMakeCXXCompilerId.cpp" produced "a.out"

The CXX compiler identification is GNU, found in "/home/derrick-ubuntu/Documents/cpe476/csc_476_adventure_manager/Lab1Template/CMakeFiles/2.8.12.2/CompilerIdCXX/a.out"

Determining if the C compiler works passed with the following output:
Change Dir: /home/derrick-ubuntu/Documents/cpe476/csc_476_adventure_manager/Lab1Template/CMakeFiles/CMakeTmp

Run Build Command:/usr/bin/make "cmTryCompileExec3535783138/fast"
/usr/bin/make -f CMakeFiles/cmTryCompileExec3535783138.dir/build.make CMakeFiles/cmTryCompileExec3535783138.dir/build
make[1]: Entering directory `/home/derrick-ubuntu/Documents/cpe476/csc_476_adventure_manager/Lab1Template/CMakeFiles/CMakeTmp'
/usr/bin/cmake -E cmake_progress_report /home/derrick-ubuntu/Documents/cpe476/csc_476_adventure_manager/Lab1Template/CMakeFiles/CMakeTmp/CMakeFiles 1
Building C object CMakeFiles/cmTryCompileExec3535783138.dir/testCCompiler.c.o
/usr/bin/cc    -o CMakeFiles/cmTryCompileExec3535783138.dir/testCCompiler.c.o   -c /home/derrick-ubuntu/Documents/cpe476/csc_476_adventure_manager/Lab1Template/CMakeFiles/CMakeTmp/testCCompiler.c
Linking C executable cmTryCompileExec3535783138
/usr/bin/cmake -E cmake_link_script CMakeFiles/cmTryCompileExec3535783138.dir/link.txt --verbose=1
/usr/bin/cc       CMakeFiles/cmTryCompileExec3535783138.dir/testCCompiler.c.o  -o cmTryCompileExec3535783138 -rdynamic 
make[1]: Leaving directory `/home/derrick-ubuntu/Documents/cpe476/csc_476_adventure_manager/Lab1Template/CMakeFiles/CMakeTmp'


Detecting C compiler ABI info compiled with the following output:
Change Dir: /home/derrick-ubuntu/Documents/cpe476/csc_476_adventure_manager/Lab1Template/CMakeFiles/CMakeTmp

Run Build Command:/usr/bin/make "cmTryCompileExec1868885191/fast"
/usr/bin/make -f CMakeFiles/cmTryCompileExec1868885191.dir/build.make CMakeFiles/cmTryCompileExec1868885191.dir/build
make[1]: Entering directory `/home/derrick-ubuntu/Documents/cpe476/csc_476_adventure_manager/Lab1Template/CMakeFiles/CMakeTmp'
/usr/bin/cmake -E cmake_progress_report /home/derrick-ubuntu/Documents/cpe476/csc_476_adventure_manager/Lab1Template/CMakeFiles/CMakeTmp/CMakeFiles 1
Building C object CMakeFiles/cmTryCompileExec1868885191.dir/CMakeCCompilerABI.c.o
/usr/bin/cc    -o CMakeFiles/cmTryCompileExec1868885191.dir/CMakeCCompilerABI.c.o   -c /usr/share/cmake-2.8/Modules/CMakeCCompilerABI.c
Linking C executable cmTryCompileExec1868885191
/usr/bin/cmake -E cmake_link_script CMakeFiles/cmTryCompileExec1868885191.dir/link.txt --verbose=1
/usr/bin/cc     -v CMakeFiles/cmTryCompileExec1868885191.dir/CMakeCCompilerABI.c.o  -o cmTryCompileExec1868885191 -rdynamic  
Using built-in specs.
COLLECT_GCC=/usr/bin/cc
COLLECT_LTO_WRAPPER=/usr/lib/gcc/x86_64-linux-gnu/4.8/lto-wrapper
Target: x86_64-linux-gnu
Configured with: ../src/configure -v --with-pkgversion='Ubuntu 4.8.2-19ubuntu1' --with-bugurl=file:///usr/share/doc/gcc-4.8/README.Bugs --enable-languages=c,c++,java,go,d,fortran,objc,obj-c++ --prefix=/usr --program-suffix=-4.8 --enable-shared --enable-linker-build-id --libexecdir=/usr/lib --without-included-gettext --enable-threads=posix --with-gxx-include-dir=/usr/include/c++/4.8 --libdir=/usr/lib --enable-nls --with-sysroot=/ --enable-clocale=gnu --enable-libstdcxx-debug --enable-libstdcxx-time=yes --enable-gnu-unique-object --disable-libmudflap --enable-plugin --with-system-zlib --disable-browser-plugin --enable-java-awt=gtk --enable-gtk-cairo --with-java-home=/usr/lib/jvm/java-1.5.0-gcj-4.8-amd64/jre --enable-java-home --with-jvm-root-dir=/usr/lib/jvm/java-1.5.0-gcj-4.8-amd64 --with-jvm-jar-dir=/usr/lib/jvm-exports/java-1.5.0-gcj-4.8-amd64 --with-arch-directory=amd64 --with-ecj-jar=/usr/share/java/eclipse-ecj.jar --enable-objc-gc --enable-multiarch --disable-werror --with-arch-32=i686 --with-abi=m64 --with-multilib-list=m32,m64,mx32 --with-tune=generic --enable-checking=release --build=x86_64-linux-gnu --host=x86_64-linux-gnu --target=x86_64-linux-gnu
Thread model: posix
gcc version 4.8.2 (Ubuntu 4.8.2-19ubuntu1) 
COMPILER_PATH=/usr/lib/gcc/x86_64-linux-gnu/4.8/:/usr/lib/gcc/x86_64-linux-gnu/4.8/:/usr/lib/gcc/x86_64-linux-gnu/:/usr/lib/gcc/x86_64-linux-gnu/4.8/:/usr/lib/gcc/x86_64-linux-gnu/
LIBRARY_PATH=/usr/lib/gcc/x86_64-linux-gnu/4.8/:/usr/lib/gcc/x86_64-linux-gnu/4.8/../../../x86_64-linux-gnu/:/usr/lib/gcc/x86_64-linux-gnu/4.8/../../../../lib/:/lib/x86_64-linux-gnu/:/lib/../lib/:/usr/lib/x86_64-linux-gnu/:/usr/lib/../lib/:/usr/lib/gcc/x86_64-linux-gnu/4.8/../../../:/lib/:/usr/lib/
COLLECT_GCC_OPTIONS='-v' '-o' 'cmTryCompileExec1868885191' '-rdynamic' '-mtune=generic' '-march=x86-64'
 /usr/lib/gcc/x86_64-linux-gnu/4.8/collect2 --sysroot=/ --build-id --eh-frame-hdr -m elf_x86_64 --hash-style=gnu --as-needed -export-dynamic -dynamic-linker /lib64/ld-linux-x86-64.so.2 -z relro -o cmTryCompileExec1868885191 /usr/lib/gcc/x86_64-linux-gnu/4.8/../../../x86_64-linux-gnu/crt1.o /usr/lib/gcc/x86_64-linux-gnu/4.8/../../../x86_64-linux-gnu/crti.o /usr/lib/gcc/x86_64-linux-gnu/4.8/crtbegin.o -L/usr/lib/gcc/x86_64-linux-gnu/4.8 -L/usr/lib/gcc/x86_64-linux-gnu/4.8/../../../x86_64-linux-gnu -L/usr/lib/gcc/x86_64-linux-gnu/4.8/../../../../lib -L/lib/x86_64-linux-gnu -L/lib/../lib -L/usr/lib/x86_64-linux-gnu -L/usr/lib/../lib -L/usr/lib/gcc/x86_64-linux-gnu/4.8/../../.. CMakeFiles/cmTryCompileExec1868885191.dir/CMakeCCompilerABI.c.o -lgcc --as-needed -lgcc_s --no-as-needed -lc -lgcc --as-needed -lgcc_s --no-as-needed /usr/lib/gcc/x86_64-linux-gnu/4.8/crtend.o /usr/lib/gcc/x86_64-linux-gnu/4.8/../../../x86_64-linux-gnu/crtn.o
make[1]: Leaving directory `/home/derrick-ubuntu/Documents/cpe476/csc_476_adventure_manager/Lab1Template/CMakeFiles/CMakeTmp'


Parsed C implicit link information from above output:
  link line regex: [^( *|.*[/\])(ld|([^/\]+-)?ld|collect2)[^/\]*( |$)]
  ignore line: [Change Dir: /home/derrick-ubuntu/Documents/cpe476/csc_476_adventure_manager/Lab1Template/CMakeFiles/CMakeTmp]
  ignore line: []
  ignore line: [Run Build Command:/usr/bin/make "cmTryCompileExec1868885191/fast"]
  ignore line: [/usr/bin/make -f CMakeFiles/cmTryCompileExec1868885191.dir/build.make CMakeFiles/cmTryCompileExec1868885191.dir/build]
  ignore line: [make[1]: Entering directory `/home/derrick-ubuntu/Documents/cpe476/csc_476_adventure_manager/Lab1Template/CMakeFiles/CMakeTmp']
  ignore line: [/usr/bin/cmake -E cmake_progress_report /home/derrick-ubuntu/Documents/cpe476/csc_476_adventure_manager/Lab1Template/CMakeFiles/CMakeTmp/CMakeFiles 1]
  ignore line: [Building C object CMakeFiles/cmTryCompileExec1868885191.dir/CMakeCCompilerABI.c.o]
  ignore line: [/usr/bin/cc    -o CMakeFiles/cmTryCompileExec1868885191.dir/CMakeCCompilerABI.c.o   -c /usr/share/cmake-2.8/Modules/CMakeCCompilerABI.c]
  ignore line: [Linking C executable cmTryCompileExec1868885191]
  ignore line: [/usr/bin/cmake -E cmake_link_script CMakeFiles/cmTryCompileExec1868885191.dir/link.txt --verbose=1]
  ignore line: [/usr/bin/cc     -v CMakeFiles/cmTryCompileExec1868885191.dir/CMakeCCompilerABI.c.o  -o cmTryCompileExec1868885191 -rdynamic  ]
  ignore line: [Using built-in specs.]
  ignore line: [COLLECT_GCC=/usr/bin/cc]
  ignore line: [COLLECT_LTO_WRAPPER=/usr/lib/gcc/x86_64-linux-gnu/4.8/lto-wrapper]
  ignore line: [Target: x86_64-linux-gnu]
  ignore line: [Configured with: ../src/configure -v --with-pkgversion='Ubuntu 4.8.2-19ubuntu1' --with-bugurl=file:///usr/share/doc/gcc-4.8/README.Bugs --enable-languages=c,c++,java,go,d,fortran,objc,obj-c++ --prefix=/usr --program-suffix=-4.8 --enable-shared --enable-linker-build-id --libexecdir=/usr/lib --without-included-gettext --enable-threads=posix --with-gxx-include-dir=/usr/include/c++/4.8 --libdir=/usr/lib --enable-nls --with-sysroot=/ --enable-clocale=gnu --enable-libstdcxx-debug --enable-libstdcxx-time=yes --enable-gnu-unique-object --disable-libmudflap --enable-plugin --with-system-zlib --disable-browser-plugin --enable-java-awt=gtk --enable-gtk-cairo --with-java-home=/usr/lib/jvm/java-1.5.0-gcj-4.8-amd64/jre --enable-java-home --with-jvm-root-dir=/usr/lib/jvm/java-1.5.0-gcj-4.8-amd64 --with-jvm-jar-dir=/usr/lib/jvm-exports/java-1.5.0-gcj-4.8-amd64 --with-arch-directory=amd64 --with-ecj-jar=/usr/share/java/eclipse-ecj.jar --enable-objc-gc --enable-multiarch --disable-werror --with-arch-32=i686 --with-abi=m64 --with-multilib-list=m32,m64,mx32 --with-tune=generic --enable-checking=release --build=x86_64-linux-gnu --host=x86_64-linux-gnu --target=x86_64-linux-gnu]
  ignore line: [Thread model: posix]
  ignore line: [gcc version 4.8.2 (Ubuntu 4.8.2-19ubuntu1) ]
  ignore line: [COMPILER_PATH=/usr/lib/gcc/x86_64-linux-gnu/4.8/:/usr/lib/gcc/x86_64-linux-gnu/4.8/:/usr/lib/gcc/x86_64-linux-gnu/:/usr/lib/gcc/x86_64-linux-gnu/4.8/:/usr/lib/gcc/x86_64-linux-gnu/]
  ignore line: [LIBRARY_PATH=/usr/lib/gcc/x86_64-linux-gnu/4.8/:/usr/lib/gcc/x86_64-linux-gnu/4.8/../../../x86_64-linux-gnu/:/usr/lib/gcc/x86_64-linux-gnu/4.8/../../../../lib/:/lib/x86_64-linux-gnu/:/lib/../lib/:/usr/lib/x86_64-linux-gnu/:/usr/lib/../lib/:/usr/lib/gcc/x86_64-linux-gnu/4.8/../../../:/lib/:/usr/lib/]
  ignore line: [COLLECT_GCC_OPTIONS='-v' '-o' 'cmTryCompileExec1868885191' '-rdynamic' '-mtune=generic' '-march=x86-64']
  link line: [ /usr/lib/gcc/x86_64-linux-gnu/4.8/collect2 --sysroot=/ --build-id --eh-frame-hdr -m elf_x86_64 --hash-style=gnu --as-needed -export-dynamic -dynamic-linker /lib64/ld-linux-x86-64.so.2 -z relro -o cmTryCompileExec1868885191 /usr/lib/gcc/x86_64-linux-gnu/4.8/../../../x86_64-linux-gnu/crt1.o /usr/lib/gcc/x86_64-linux-gnu/4.8/../../../x86_64-linux-gnu/crti.o /usr/lib/gcc/x86_64-linux-gnu/4.8/crtbegin.o -L/usr/lib/gcc/x86_64-linux-gnu/4.8 -L/usr/lib/gcc/x86_64-linux-gnu/4.8/../../../x86_64-linux-gnu -L/usr/lib/gcc/x86_64-linux-gnu/4.8/../../../../lib -L/lib/x86_64-linux-gnu -L/lib/../lib -L/usr/lib/x86_64-linux-gnu -L/usr/lib/../lib -L/usr/lib/gcc/x86_64-linux-gnu/4.8/../../.. CMakeFiles/cmTryCompileExec1868885191.dir/CMakeCCompilerABI.c.o -lgcc --as-needed -lgcc_s --no-as-needed -lc -lgcc --as-needed -lgcc_s --no-as-needed /usr/lib/gcc/x86_64-linux-gnu/4.8/crtend.o /usr/lib/gcc/x86_64-linux-gnu/4.8/../../../x86_64-linux-gnu/crtn.o]
    arg [/usr/lib/gcc/x86_64-linux-gnu/4.8/collect2] ==> ignore
    arg [--sysroot=/] ==> ignore
    arg [--build-id] ==> ignore
    arg [--eh-frame-hdr] ==> ignore
    arg [-m] ==> ignore
    arg [elf_x86_64] ==> ignore
    arg [--hash-style=gnu] ==> ignore
    arg [--as-needed] ==> ignore
    arg [-export-dynamic] ==> ignore
    arg [-dynamic-linker] ==> ignore
    arg [/lib64/ld-linux-x86-64.so.2] ==> ignore
    arg [-zrelro] ==> ignore
    arg [-o] ==> ignore
    arg [cmTryCompileExec1868885191] ==> ignore
    arg [/usr/lib/gcc/x86_64-linux-gnu/4.8/../../../x86_64-linux-gnu/crt1.o] ==> ignore
    arg [/usr/lib/gcc/x86_64-linux-gnu/4.8/../../../x86_64-linux-gnu/crti.o] ==> ignore
    arg [/usr/lib/gcc/x86_64-linux-gnu/4.8/crtbegin.o] ==> ignore
    arg [-L/usr/lib/gcc/x86_64-linux-gnu/4.8] ==> dir [/usr/lib/gcc/x86_64-linux-gnu/4.8]
    arg [-L/usr/lib/gcc/x86_64-linux-gnu/4.8/../../../x86_64-linux-gnu] ==> dir [/usr/lib/gcc/x86_64-linux-gnu/4.8/../../../x86_64-linux-gnu]
    arg [-L/usr/lib/gcc/x86_64-linux-gnu/4.8/../../../../lib] ==> dir [/usr/lib/gcc/x86_64-linux-gnu/4.8/../../../../lib]
    arg [-L/lib/x86_64-linux-gnu] ==> dir [/lib/x86_64-linux-gnu]
    arg [-L/lib/../lib] ==> dir [/lib/../lib]
    arg [-L/usr/lib/x86_64-linux-gnu] ==> dir [/usr/lib/x86_64-linux-gnu]
    arg [-L/usr/lib/../lib] ==> dir [/usr/lib/../lib]
    arg [-L/usr/lib/gcc/x86_64-linux-gnu/4.8/../../..] ==> dir [/usr/lib/gcc/x86_64-linux-gnu/4.8/../../..]
    arg [CMakeFiles/cmTryCompileExec1868885191.dir/CMakeCCompilerABI.c.o] ==> ignore
    arg [-lgcc] ==> lib [gcc]
    arg [--as-needed] ==> ignore
    arg [-lgcc_s] ==> lib [gcc_s]
    arg [--no-as-needed] ==> ignore
    arg [-lc] ==> lib [c]
    arg [-lgcc] ==> lib [gcc]
    arg [--as-needed] ==> ignore
    arg [-lgcc_s] ==> lib [gcc_s]
    arg [--no-as-needed] ==> ignore
    arg [/usr/lib/gcc/x86_64-linux-gnu/4.8/crtend.o] ==> ignore
    arg [/usr/lib/gcc/x86_64-linux-gnu/4.8/../../../x86_64-linux-gnu/crtn.o] ==> ignore
  remove lib [gcc]
  remove lib [gcc_s]
  remove lib [gcc]
  remove lib [gcc_s]
  collapse library dir [/usr/lib/gcc/x86_64-linux-gnu/4.8] ==> [/usr/lib/gcc/x86_64-linux-gnu/4.8]
  collapse library dir [/usr/lib/gcc/x86_64-linux-gnu/4.8/../../../x86_64-linux-gnu] ==> [/usr/lib/x86_64-linux-gnu]
  collapse library dir [/usr/lib/gcc/x86_64-linux-gnu/4.8/../../../../lib] ==> [/usr/lib]
  collapse library dir [/lib/x86_64-linux-gnu] ==> [/lib/x86_64-linux-gnu]
  collapse library dir [/lib/../lib] ==> [/lib]
  collapse library dir [/usr/lib/x86_64-linux-gnu] ==> [/usr/lib/x86_64-linux-gnu]
  collapse library dir [/usr/lib/../lib] ==> [/usr/lib]
  collapse library dir [/usr/lib/gcc/x86_64-linux-gnu/4.8/../../..] ==> [/usr/lib]
  implicit libs: [c]
  implicit dirs: [/usr/lib/gcc/x86_64-linux-gnu/4.8;/usr/lib/x86_64-linux-gnu;/usr/lib;/lib/x86_64-linux-gnu;/lib]
  implicit fwks: []


Determining if the CXX compiler works passed with the following output:
Change Dir: /home/derrick-ubuntu/Documents/cpe476/csc_476_adventure_manager/Lab1Template/CMakeFiles/CMakeTmp

Run Build Command:/usr/bin/make "cmTryCompileExec2700006579/fast"
/usr/bin/make -f CMakeFiles/cmTryCompileExec2700006579.dir/build.make CMakeFiles/cmTryCompileExec2700006579.dir/build
make[1]: Entering directory `/home/derrick-ubuntu/Documents/cpe476/csc_476_adventure_manager/Lab1Template/CMakeFiles/CMakeTmp'
/usr/bin/cmake -E cmake_progress_report /home/derrick-ubuntu/Documents/cpe476/csc_476_adventure_manager/Lab1Template/CMakeFiles/CMakeTmp/CMakeFiles 1
Building CXX object CMakeFiles/cmTryCompileExec2700006579.dir/testCXXCompiler.cxx.o
/usr/bin/c++     -o CMakeFiles/cmTryCompileExec2700006579.dir/testCXXCompiler.cxx.o -c /home/derrick-ubuntu/Documents/cpe476/csc_476_adventure_manager/Lab1Template/CMakeFiles/CMakeTmp/testCXXCompiler.cxx
Linking CXX executable cmTryCompileExec2700006579
/usr/bin/cmake -E cmake_link_script CMakeFiles/cmTryCompileExec2700006579.dir/link.txt --verbose=1
/usr/bin/c++        CMakeFiles/cmTryCompileExec2700006579.dir/testCXXCompiler.cxx.o  -o cmTryCompileExec2700006579 -rdynamic 
make[1]: Leaving directory `/home/derrick-ubuntu/Documents/cpe476/csc_476_adventure_manager/Lab1Template/CMakeFiles/CMakeTmp'


Detecting CXX compiler ABI info compiled with the following output:
Change Dir: /home/derrick-ubuntu/Documents/cpe476/csc_476_adventure_manager/Lab1Template/CMakeFiles/CMakeTmp

Run Build Command:/usr/bin/make "cmTryCompileExec569904701/fast"
/usr/bin/make -f CMakeFiles/cmTryCompileExec569904701.dir/build.make CMakeFiles/cmTryCompileExec569904701.dir/build
make[1]: Entering directory `/home/derrick-ubuntu/Documents/cpe476/csc_476_adventure_manager/Lab1Template/CMakeFiles/CMakeTmp'
/usr/bin/cmake -E cmake_progress_report /home/derrick-ubuntu/Documents/cpe476/csc_476_adventure_manager/Lab1Template/CMakeFiles/CMakeTmp/CMakeFiles 1
Building CXX object CMakeFiles/cmTryCompileExec569904701.dir/CMakeCXXCompilerABI.cpp.o
/usr/bin/c++     -o CMakeFiles/cmTryCompileExec569904701.dir/CMakeCXXCompilerABI.cpp.o -c /usr/share/cmake-2.8/Modules/CMakeCXXCompilerABI.cpp
Linking CXX executable cmTryCompileExec569904701
/usr/bin/cmake -E cmake_link_script CMakeFiles/cmTryCompileExec569904701.dir/link.txt --verbose=1
/usr/bin/c++      -v CMakeFiles/cmTryCompileExec569904701.dir/CMakeCXXCompilerABI.cpp.o  -o cmTryCompileExec569904701 -rdynamic  
Using built-in specs.
COLLECT_GCC=/usr/bin/c++
COLLECT_LTO_WRAPPER=/usr/lib/gcc/x86_64-linux-gnu/4.8/lto-wrapper
Target: x86_64-linux-gnu
Configured with: ../src/configure -v --with-pkgversion='Ubuntu 4.8.2-19ubuntu1' --with-bugurl=file:///usr/share/doc/gcc-4.8/README.Bugs --enable-languages=c,c++,java,go,d,fortran,objc,obj-c++ --prefix=/usr --program-suffix=-4.8 --enable-shared --enable-linker-build-id --libexecdir=/usr/lib --without-included-gettext --enable-threads=posix --with-gxx-include-dir=/usr/include/c++/4.8 --libdir=/usr/lib --enable-nls --with-sysroot=/ --enable-clocale=gnu --enable-libstdcxx-debug --enable-libstdcxx-time=yes --enable-gnu-unique-object --disable-libmudflap --enable-plugin --with-system-zlib --disable-browser-plugin --enable-java-awt=gtk --enable-gtk-cairo --with-java-home=/usr/lib/jvm/java-1.5.0-gcj-4.8-amd64/jre --enable-java-home --with-jvm-root-dir=/usr/lib/jvm/java-1.5.0-gcj-4.8-amd64 --with-jvm-jar-dir=/usr/lib/jvm-exports/java-1.5.0-gcj-4.8-amd64 --with-arch-directory=amd64 --with-ecj-jar=/usr/share/java/eclipse-ecj.jar --enable-objc-gc --enable-multiarch --disable-werror --with-arch-32=i686 --with-abi=m64 --with-multilib-list=m32,m64,mx32 --with-tune=generic --enable-checking=release --build=x86_64-linux-gnu --host=x86_64-linux-gnu --target=x86_64-linux-gnu
Thread model: posix
gcc version 4.8.2 (Ubuntu 4.8.2-19ubuntu1) 
COMPILER_PATH=/usr/lib/gcc/x86_64-linux-gnu/4.8/:/usr/lib/gcc/x86_64-linux-gnu/4.8/:/usr/lib/gcc/x86_64-linux-gnu/:/usr/lib/gcc/x86_64-linux-gnu/4.8/:/usr/lib/gcc/x86_64-linux-gnu/
LIBRARY_PATH=/usr/lib/gcc/x86_64-linux-gnu/4.8/:/usr/lib/gcc/x86_64-linux-gnu/4.8/../../../x86_64-linux-gnu/:/usr/lib/gcc/x86_64-linux-gnu/4.8/../../../../lib/:/lib/x86_64-linux-gnu/:/lib/../lib/:/usr/lib/x86_64-linux-gnu/:/usr/lib/../lib/:/usr/lib/gcc/x86_64-linux-gnu/4.8/../../../:/lib/:/usr/lib/
COLLECT_GCC_OPTIONS='-v' '-o' 'cmTryCompileExec569904701' '-rdynamic' '-shared-libgcc' '-mtune=generic' '-march=x86-64'
 /usr/lib/gcc/x86_64-linux-gnu/4.8/collect2 --sysroot=/ --build-id --eh-frame-hdr -m elf_x86_64 --hash-style=gnu --as-needed -export-dynamic -dynamic-linker /lib64/ld-linux-x86-64.so.2 -z relro -o cmTryCompileExec569904701 /usr/lib/gcc/x86_64-linux-gnu/4.8/../../../x86_64-linux-gnu/crt1.o /usr/lib/gcc/x86_64-linux-gnu/4.8/../../../x86_64-linux-gnu/crti.o /usr/lib/gcc/x86_64-linux-gnu/4.8/crtbegin.o -L/usr/lib/gcc/x86_64-linux-gnu/4.8 -L/usr/lib/gcc/x86_64-linux-gnu/4.8/../../../x86_64-linux-gnu -L/usr/lib/gcc/x86_64-linux-gnu/4.8/../../../../lib -L/lib/x86_64-linux-gnu -L/lib/../lib -L/usr/lib/x86_64-linux-gnu -L/usr/lib/../lib -L/usr/lib/gcc/x86_64-linux-gnu/4.8/../../.. CMakeFiles/cmTryCompileExec569904701.dir/CMakeCXXCompilerABI.cpp.o -lstdc++ -lm -lgcc_s -lgcc -lc -lgcc_s -lgcc /usr/lib/gcc/x86_64-linux-gnu/4.8/crtend.o /usr/lib/gcc/x86_64-linux-gnu/4.8/../../../x86_64-linux-gnu/crtn.o
make[1]: Leaving directory `/home/derrick-ubuntu/Documents/cpe476/csc_476_adventure_manager/Lab1Template/CMakeFiles/CMakeTmp'


Parsed CXX implicit link information from above output:
  link line regex: [^( *|.*[/\])(ld|([^/\]+-)?ld|collect2)[^/\]*( |$)]
  ignore line: [Change Dir: /home/derrick-ubuntu/Documents/cpe476/csc_476_adventure_manager/Lab1Template/CMakeFiles/CMakeTmp]
  ignore line: []
  ignore line: [Run Build Command:/usr/bin/make "cmTryCompileExec569904701/fast"]
  ignore line: [/usr/bin/make -f CMakeFiles/cmTryCompileExec569904701.dir/build.make CMakeFiles/cmTryCompileExec569904701.dir/build]
  ignore line: [make[1]: Entering directory `/home/derrick-ubuntu/Documents/cpe476/csc_476_adventure_manager/Lab1Template/CMakeFiles/CMakeTmp']
  ignore line: [/usr/bin/cmake -E cmake_progress_report /home/derrick-ubuntu/Documents/cpe476/csc_476_adventure_manager/Lab1Template/CMakeFiles/CMakeTmp/CMakeFiles 1]
  ignore line: [Building CXX object CMakeFiles/cmTryCompileExec569904701.dir/CMakeCXXCompilerABI.cpp.o]
  ignore line: [/usr/bin/c++     -o CMakeFiles/cmTryCompileExec569904701.dir/CMakeCXXCompilerABI.cpp.o -c /usr/share/cmake-2.8/Modules/CMakeCXXCompilerABI.cpp]
  ignore line: [Linking CXX executable cmTryCompileExec569904701]
  ignore line: [/usr/bin/cmake -E cmake_link_script CMakeFiles/cmTryCompileExec569904701.dir/link.txt --verbose=1]
  ignore line: [/usr/bin/c++      -v CMakeFiles/cmTryCompileExec569904701.dir/CMakeCXXCompilerABI.cpp.o  -o cmTryCompileExec569904701 -rdynamic  ]
  ignore line: [Using built-in specs.]
  ignore line: [COLLECT_GCC=/usr/bin/c++]
  ignore line: [COLLECT_LTO_WRAPPER=/usr/lib/gcc/x86_64-linux-gnu/4.8/lto-wrapper]
  ignore line: [Target: x86_64-linux-gnu]
  ignore line: [Configured with: ../src/configure -v --with-pkgversion='Ubuntu 4.8.2-19ubuntu1' --with-bugurl=file:///usr/share/doc/gcc-4.8/README.Bugs --enable-languages=c,c++,java,go,d,fortran,objc,obj-c++ --prefix=/usr --program-suffix=-4.8 --enable-shared --enable-linker-build-id --libexecdir=/usr/lib --without-included-gettext --enable-threads=posix --with-gxx-include-dir=/usr/include/c++/4.8 --libdir=/usr/lib --enable-nls --with-sysroot=/ --enable-clocale=gnu --enable-libstdcxx-debug --enable-libstdcxx-time=yes --enable-gnu-unique-object --disable-libmudflap --enable-plugin --with-system-zlib --disable-browser-plugin --enable-java-awt=gtk --enable-gtk-cairo --with-java-home=/usr/lib/jvm/java-1.5.0-gcj-4.8-amd64/jre --enable-java-home --with-jvm-root-dir=/usr/lib/jvm/java-1.5.0-gcj-4.8-amd64 --with-jvm-jar-dir=/usr/lib/jvm-exports/java-1.5.0-gcj-4.8-amd64 --with-arch-directory=amd64 --with-ecj-jar=/usr/share/java/eclipse-ecj.jar --enable-objc-gc --enable-multiarch --disable-werror --with-arch-32=i686 --with-abi=m64 --with-multilib-list=m32,m64,mx32 --with-tune=generic --enable-checking=release --build=x86_64-linux-gnu --host=x86_64-linux-gnu --target=x86_64-linux-gnu]
  ignore line: [Thread model: posix]
  ignore line: [gcc version 4.8.2 (Ubuntu 4.8.2-19ubuntu1) ]
  ignore line: [COMPILER_PATH=/usr/lib/gcc/x86_64-linux-gnu/4.8/:/usr/lib/gcc/x86_64-linux-gnu/4.8/:/usr/lib/gcc/x86_64-linux-gnu/:/usr/lib/gcc/x86_64-linux-gnu/4.8/:/usr/lib/gcc/x86_64-linux-gnu/]
  ignore line: [LIBRARY_PATH=/usr/lib/gcc/x86_64-linux-gnu/4.8/:/usr/lib/gcc/x86_64-linux-gnu/4.8/../../../x86_64-linux-gnu/:/usr/lib/gcc/x86_64-linux-gnu/4.8/../../../../lib/:/lib/x86_64-linux-gnu/:/lib/../lib/:/usr/lib/x86_64-linux-gnu/:/usr/lib/../lib/:/usr/lib/gcc/x86_64-linux-gnu/4.8/../../../:/lib/:/usr/lib/]
  ignore line: [COLLECT_GCC_OPTIONS='-v' '-o' 'cmTryCompileExec569904701' '-rdynamic' '-shared-libgcc' '-mtune=generic' '-march=x86-64']
  link line: [ /usr/lib/gcc/x86_64-linux-gnu/4.8/collect2 --sysroot=/ --build-id --eh-frame-hdr -m elf_x86_64 --hash-style=gnu --as-needed -export-dynamic -dynamic-linker /lib64/ld-linux-x86-64.so.2 -z relro -o cmTryCompileExec569904701 /usr/lib/gcc/x86_64-linux-gnu/4.8/../../../x86_64-linux-gnu/crt1.o /usr/lib/gcc/x86_64-linux-gnu/4.8/../../../x86_64-linux-gnu/crti.o /usr/lib/gcc/x86_64-linux-gnu/4.8/crtbegin.o -L/usr/lib/gcc/x86_64-linux-gnu/4.8 -L/usr/lib/gcc/x86_64-linux-gnu/4.8/../../../x86_64-linux-gnu -L/usr/lib/gcc/x86_64-linux-gnu/4.8/../../../../lib -L/lib/x86_64-linux-gnu -L/lib/../lib -L/usr/lib/x86_64-linux-gnu -L/usr/lib/../lib -L/usr/lib/gcc/x86_64-linux-gnu/4.8/../../.. CMakeFiles/cmTryCompileExec569904701.dir/CMakeCXXCompilerABI.cpp.o -lstdc++ -lm -lgcc_s -lgcc -lc -lgcc_s -lgcc /usr/lib/gcc/x86_64-linux-gnu/4.8/crtend.o /usr/lib/gcc/x86_64-linux-gnu/4.8/../../../x86_64-linux-gnu/crtn.o]
    arg [/usr/lib/gcc/x86_64-linux-gnu/4.8/collect2] ==> ignore
    arg [--sysroot=/] ==> ignore
    arg [--build-id] ==> ignore
    arg [--eh-frame-hdr] ==> ignore
    arg [-m] ==> ignore
    arg [elf_x86_64] ==> ignore
    arg [--hash-style=gnu] ==> ignore
    arg [--as-needed] ==> ignore
    arg [-export-dynamic] ==> ignore
    arg [-dynamic-linker] ==> ignore
    arg [/lib64/ld-linux-x86-64.so.2] ==> ignore
    arg [-zrelro] ==> ignore
    arg [-o] ==> ignore
    arg [cmTryCompileExec569904701] ==> ignore
    arg [/usr/lib/gcc/x86_64-linux-gnu/4.8/../../../x86_64-linux-gnu/crt1.o] ==> ignore
    arg [/usr/lib/gcc/x86_64-linux-gnu/4.8/../../../x86_64-linux-gnu/crti.o] ==> ignore
    arg [/usr/lib/gcc/x86_64-linux-gnu/4.8/crtbegin.o] ==> ignore
    arg [-L/usr/lib/gcc/x86_64-linux-gnu/4.8] ==> dir [/usr/lib/gcc/x86_64-linux-gnu/4.8]
    arg [-L/usr/lib/gcc/x86_64-linux-gnu/4.8/../../../x86_64-linux-gnu] ==> dir [/usr/lib/gcc/x86_64-linux-gnu/4.8/../../../x86_64-linux-gnu]
    arg [-L/usr/lib/gcc/x86_64-linux-gnu/4.8/../../../../lib] ==> dir [/usr/lib/gcc/x86_64-linux-gnu/4.8/../../../../lib]
    arg [-L/lib/x86_64-linux-gnu] ==> dir [/lib/x86_64-linux-gnu]
    arg [-L/lib/../lib] ==> dir [/lib/../lib]
    arg [-L/usr/lib/x86_64-linux-gnu] ==> dir [/usr/lib/x86_64-linux-gnu]
    arg [-L/usr/lib/../lib] ==> dir [/usr/lib/../lib]
    arg [-L/usr/lib/gcc/x86_64-linux-gnu/4.8/../../..] ==> dir [/usr/lib/gcc/x86_64-linux-gnu/4.8/../../..]
    arg [CMakeFiles/cmTryCompileExec569904701.dir/CMakeCXXCompilerABI.cpp.o] ==> ignore
    arg [-lstdc++] ==> lib [stdc++]
    arg [-lm] ==> lib [m]
    arg [-lgcc_s] ==> lib [gcc_s]
    arg [-lgcc] ==> lib [gcc]
    arg [-lc] ==> lib [c]
    arg [-lgcc_s] ==> lib [gcc_s]
    arg [-lgcc] ==> lib [gcc]
    arg [/usr/lib/gcc/x86_64-linux-gnu/4.8/crtend.o] ==> ignore
    arg [/usr/lib/gcc/x86_64-linux-gnu/4.8/../../../x86_64-linux-gnu/crtn.o] ==> ignore
  remove lib [gcc_s]
  remove lib [gcc]
  remove lib [gcc_s]
  remove lib [gcc]
  collapse library dir [/usr/lib/gcc/x86_64-linux-gnu/4.8] ==> [/usr/lib/gcc/x86_64-linux-gnu/4.8]
  collapse library dir [/usr/lib/gcc/x86_64-linux-gnu/4.8/../../../x86_64-linux-gnu] ==> [/usr/lib/x86_64-linux-gnu]
  collapse library dir [/usr/lib/gcc/x86_64-linux-gnu/4.8/../../../../lib] ==> [/usr/lib]
  collapse library dir [/lib/x86_64-linux-gnu] ==> [/lib/x86_64-linux-gnu]
  collapse library dir [/lib/../lib] ==> [/lib]
  collapse library dir [/usr/lib/x86_64-linux-gnu] ==> [/usr/lib/x86_64-linux-gnu]
  collapse library dir [/usr/lib/../lib] ==> [/usr/lib]
  collapse library dir [/usr/lib/gcc/x86_64-linux-gnu/4.8/../../..] ==> [/usr/lib]
  implicit libs: [stdc++;m;c]
  implicit dirs: [/usr/lib/gcc/x86_64-linux-gnu/4.8;/usr/lib/x86_64-linux-gnu;/usr/lib;/lib/x86_64-linux-gnu;/lib]
  implicit fwks: []


Determining if the function XOpenDisplay exists in the /usr/lib/x86_64-linux-gnu/libX11.so;/usr/lib/x86_64-linux-gnu/libXext.so passed with the following output:
Change Dir: /home/derrick-ubuntu/Documents/cpe476/csc_476_adventure_manager/Lab1Template/CMakeFiles/CMakeTmp

Run Build Command:/usr/bin/make "cmTryCompileExec3371182634/fast"
/usr/bin/make -f CMakeFiles/cmTryCompileExec3371182634.dir/build.make CMakeFiles/cmTryCompileExec3371182634.dir/build
make[1]: Entering directory `/home/derrick-ubuntu/Documents/cpe476/csc_476_adventure_manager/Lab1Template/CMakeFiles/CMakeTmp'
/usr/bin/cmake -E cmake_progress_report /home/derrick-ubuntu/Documents/cpe476/csc_476_adventure_manager/Lab1Template/CMakeFiles/CMakeTmp/CMakeFiles 1
Building C object CMakeFiles/cmTryCompileExec3371182634.dir/CheckFunctionExists.c.o
/usr/bin/cc   -DCHECK_FUNCTION_EXISTS=XOpenDisplay   -o CMakeFiles/cmTryCompileExec3371182634.dir/CheckFunctionExists.c.o   -c /usr/share/cmake-2.8/Modules/CheckFunctionExists.c
Linking C executable cmTryCompileExec3371182634
/usr/bin/cmake -E cmake_link_script CMakeFiles/cmTryCompileExec3371182634.dir/link.txt --verbose=1
/usr/bin/cc   -DCHECK_FUNCTION_EXISTS=XOpenDisplay    CMakeFiles/cmTryCompileExec3371182634.dir/CheckFunctionExists.c.o  -o cmTryCompileExec3371182634 -rdynamic -lX11 -lXext 
make[1]: Leaving directory `/home/derrick-ubuntu/Documents/cpe476/csc_476_adventure_manager/Lab1Template/CMakeFiles/CMakeTmp'


Determining if the function gethostbyname exists passed with the following output:
Change Dir: /home/derrick-ubuntu/Documents/cpe476/csc_476_adventure_manager/Lab1Template/CMakeFiles/CMakeTmp

Run Build Command:/usr/bin/make "cmTryCompileExec2137620768/fast"
/usr/bin/make -f CMakeFiles/cmTryCompileExec2137620768.dir/build.make CMakeFiles/cmTryCompileExec2137620768.dir/build
make[1]: Entering directory `/home/derrick-ubuntu/Documents/cpe476/csc_476_adventure_manager/Lab1Template/CMakeFiles/CMakeTmp'
/usr/bin/cmake -E cmake_progress_report /home/derrick-ubuntu/Documents/cpe476/csc_476_adventure_manager/Lab1Template/CMakeFiles/CMakeTmp/CMakeFiles 1
Building C object CMakeFiles/cmTryCompileExec2137620768.dir/CheckFunctionExists.c.o
/usr/bin/cc   -DCHECK_FUNCTION_EXISTS=gethostbyname   -o CMakeFiles/cmTryCompileExec2137620768.dir/CheckFunctionExists.c.o   -c /usr/share/cmake-2.8/Modules/CheckFunctionExists.c
Linking C executable cmTryCompileExec2137620768
/usr/bin/cmake -E cmake_link_script CMakeFiles/cmTryCompileExec2137620768.dir/link.txt --verbose=1
/usr/bin/cc   -DCHECK_FUNCTION_EXISTS=gethostbyname    CMakeFiles/cmTryCompileExec2137620768.dir/CheckFunctionExists.c.o  -o cmTryCompileExec2137620768 -rdynamic 
make[1]: Leaving directory `/home/derrick-ubuntu/Documents/cpe476/csc_476_adventure_manager/Lab1Template/CMakeFiles/CMakeTmp'


Determining if the function connect exists passed with the following output:
Change Dir: /home/derrick-ubuntu/Documents/cpe476/csc_476_adventure_manager/Lab1Template/CMakeFiles/CMakeTmp

Run Build Command:/usr/bin/make "cmTryCompileExec378110629/fast"
/usr/bin/make -f CMakeFiles/cmTryCompileExec378110629.dir/build.make CMakeFiles/cmTryCompileExec378110629.dir/build
make[1]: Entering directory `/home/derrick-ubuntu/Documents/cpe476/csc_476_adventure_manager/Lab1Template/CMakeFiles/CMakeTmp'
/usr/bin/cmake -E cmake_progress_report /home/derrick-ubuntu/Documents/cpe476/csc_476_adventure_manager/Lab1Template/CMakeFiles/CMakeTmp/CMakeFiles 1
Building C object CMakeFiles/cmTryCompileExec378110629.dir/CheckFunctionExists.c.o
/usr/bin/cc   -DCHECK_FUNCTION_EXISTS=connect   -o CMakeFiles/cmTryCompileExec378110629.dir/CheckFunctionExists.c.o   -c /usr/share/cmake-2.8/Modules/CheckFunctionExists.c
Linking C executable cmTryCompileExec378110629
/usr/bin/cmake -E cmake_link_script CMakeFiles/cmTryCompileExec378110629.dir/link.txt --verbose=1
/usr/bin/cc   -DCHECK_FUNCTION_EXISTS=connect    CMakeFiles/cmTryCompileExec378110629.dir/CheckFunctionExists.c.o  -o cmTryCompileExec378110629 -rdynamic 
make[1]: Leaving directory `/home/derrick-ubuntu/Documents/cpe476/csc_476_adventure_manager/Lab1Template/CMakeFiles/CMakeTmp'


Determining if the function remove exists passed with the following output:
Change Dir: /home/derrick-ubuntu/Documents/cpe476/csc_476_adventure_manager/Lab1Template/CMakeFiles/CMakeTmp

Run Build Command:/usr/bin/make "cmTryCompileExec1538919425/fast"
/usr/bin/make -f CMakeFiles/cmTryCompileExec1538919425.dir/build.make CMakeFiles/cmTryCompileExec1538919425.dir/build
make[1]: Entering directory `/home/derrick-ubuntu/Documents/cpe476/csc_476_adventure_manager/Lab1Template/CMakeFiles/CMakeTmp'
/usr/bin/cmake -E cmake_progress_report /home/derrick-ubuntu/Documents/cpe476/csc_476_adventure_manager/Lab1Template/CMakeFiles/CMakeTmp/CMakeFiles 1
Building C object CMakeFiles/cmTryCompileExec1538919425.dir/CheckFunctionExists.c.o
/usr/bin/cc   -DCHECK_FUNCTION_EXISTS=remove   -o CMakeFiles/cmTryCompileExec1538919425.dir/CheckFunctionExists.c.o   -c /usr/share/cmake-2.8/Modules/CheckFunctionExists.c
Linking C executable cmTryCompileExec1538919425
/usr/bin/cmake -E cmake_link_script CMakeFiles/cmTryCompileExec1538919425.dir/link.txt --verbose=1
/usr/bin/cc   -DCHECK_FUNCTION_EXISTS=remove    CMakeFiles/cmTryCompileExec1538919425.dir/CheckFunctionExists.c.o  -o cmTryCompileExec1538919425 -rdynamic 
make[1]: Leaving directory `/home/derrick-ubuntu/Documents/cpe476/csc_476_adventure_manager/Lab1Template/CMakeFiles/CMakeTmp'


Determining if the function shmat exists passed with the following output:
Change Dir: /home/derrick-ubuntu/Documents/cpe476/csc_476_adventure_manager/Lab1Template/CMakeFiles/CMakeTmp

Run Build Command:/usr/bin/make "cmTryCompileExec4061856149/fast"
/usr/bin/make -f CMakeFiles/cmTryCompileExec4061856149.dir/build.make CMakeFiles/cmTryCompileExec4061856149.dir/build
make[1]: Entering directory `/home/derrick-ubuntu/Documents/cpe476/csc_476_adventure_manager/Lab1Template/CMakeFiles/CMakeTmp'
/usr/bin/cmake -E cmake_progress_report /home/derrick-ubuntu/Documents/cpe476/csc_476_adventure_manager/Lab1Template/CMakeFiles/CMakeTmp/CMakeFiles 1
Building C object CMakeFiles/cmTryCompileExec4061856149.dir/CheckFunctionExists.c.o
/usr/bin/cc   -DCHECK_FUNCTION_EXISTS=shmat   -o CMakeFiles/cmTryCompileExec4061856149.dir/CheckFunctionExists.c.o   -c /usr/share/cmake-2.8/Modules/CheckFunctionExists.c
Linking C executable cmTryCompileExec4061856149
/usr/bin/cmake -E cmake_link_script CMakeFiles/cmTryCompileExec4061856149.dir/link.txt --verbose=1
/usr/bin/cc   -DCHECK_FUNCTION_EXISTS=shmat    CMakeFiles/cmTryCompileExec4061856149.dir/CheckFunctionExists.c.o  -o cmTryCompileExec4061856149 -rdynamic 
make[1]: Leaving directory `/home/derrick-ubuntu/Documents/cpe476/csc_476_adventure_manager/Lab1Template/CMakeFiles/CMakeTmp'


Determining if the function IceConnectionNumber exists in the ICE passed with the following output:
Change Dir: /home/derrick-ubuntu/Documents/cpe476/csc_476_adventure_manager/Lab1Template/CMakeFiles/CMakeTmp

Run Build Command:/usr/bin/make "cmTryCompileExec3337373087/fast"
/usr/bin/make -f CMakeFiles/cmTryCompileExec3337373087.dir/build.make CMakeFiles/cmTryCompileExec3337373087.dir/build
make[1]: Entering directory `/home/derrick-ubuntu/Documents/cpe476/csc_476_adventure_manager/Lab1Template/CMakeFiles/CMakeTmp'
/usr/bin/cmake -E cmake_progress_report /home/derrick-ubuntu/Documents/cpe476/csc_476_adventure_manager/Lab1Template/CMakeFiles/CMakeTmp/CMakeFiles 1
Building C object CMakeFiles/cmTryCompileExec3337373087.dir/CheckFunctionExists.c.o
/usr/bin/cc   -DCHECK_FUNCTION_EXISTS=IceConnectionNumber   -o CMakeFiles/cmTryCompileExec3337373087.dir/CheckFunctionExists.c.o   -c /usr/share/cmake-2.8/Modules/CheckFunctionExists.c
Linking C executable cmTryCompileExec3337373087
/usr/bin/cmake -E cmake_link_script CMakeFiles/cmTryCompileExec3337373087.dir/link.txt --verbose=1
/usr/bin/cc   -DCHECK_FUNCTION_EXISTS=IceConnectionNumber    CMakeFiles/cmTryCompileExec3337373087.dir/CheckFunctionExists.c.o  -o cmTryCompileExec3337373087 -rdynamic -lICE 
make[1]: Leaving directory `/home/derrick-ubuntu/Documents/cpe476/csc_476_adventure_manager/Lab1Template/CMakeFiles/CMakeTmp'


Determining if files pthread.h exist passed with the following output:
Change Dir: /home/derrick-ubuntu/Documents/cpe476/csc_476_adventure_manager/Lab1Template/CMakeFiles/CMakeTmp

Run Build Command:/usr/bin/make "cmTryCompileExec2578446386/fast"
/usr/bin/make -f CMakeFiles/cmTryCompileExec2578446386.dir/build.make CMakeFiles/cmTryCompileExec2578446386.dir/build
make[1]: Entering directory `/home/derrick-ubuntu/Documents/cpe476/csc_476_adventure_manager/Lab1Template/CMakeFiles/CMakeTmp'
/usr/bin/cmake -E cmake_progress_report /home/derrick-ubuntu/Documents/cpe476/csc_476_adventure_manager/Lab1Template/CMakeFiles/CMakeTmp/CMakeFiles 1
Building C object CMakeFiles/cmTryCompileExec2578446386.dir/CheckIncludeFiles.c.o
/usr/bin/cc    -o CMakeFiles/cmTryCompileExec2578446386.dir/CheckIncludeFiles.c.o   -c /home/derrick-ubuntu/Documents/cpe476/csc_476_adventure_manager/Lab1Template/CMakeFiles/CMakeTmp/CheckIncludeFiles.c
Linking C executable cmTryCompileExec2578446386
/usr/bin/cmake -E cmake_link_script CMakeFiles/cmTryCompileExec2578446386.dir/link.txt --verbose=1
/usr/bin/cc       CMakeFiles/cmTryCompileExec2578446386.dir/CheckIncludeFiles.c.o  -o cmTryCompileExec2578446386 -rdynamic 
make[1]: Leaving directory `/home/derrick-ubuntu/Documents/cpe476/csc_476_adventure_manager/Lab1Template/CMakeFiles/CMakeTmp'


Determining if the function pthread_create exists in the pthread passed with the following output:
Change Dir: /home/derrick-ubuntu/Documents/cpe476/csc_476_adventure_manager/Lab1Template/CMakeFiles/CMakeTmp

Run Build Command:/usr/bin/make "cmTryCompileExec1641922686/fast"
/usr/bin/make -f CMakeFiles/cmTryCompileExec1641922686.dir/build.make CMakeFiles/cmTryCompileExec1641922686.dir/build
make[1]: Entering directory `/home/derrick-ubuntu/Documents/cpe476/csc_476_adventure_manager/Lab1Template/CMakeFiles/CMakeTmp'
/usr/bin/cmake -E cmake_progress_report /home/derrick-ubuntu/Documents/cpe476/csc_476_adventure_manager/Lab1Template/CMakeFiles/CMakeTmp/CMakeFiles 1
Building C object CMakeFiles/cmTryCompileExec1641922686.dir/CheckFunctionExists.c.o
/usr/bin/cc   -DCHECK_FUNCTION_EXISTS=pthread_create   -o CMakeFiles/cmTryCompileExec1641922686.dir/CheckFunctionExists.c.o   -c /usr/share/cmake-2.8/Modules/CheckFunctionExists.c
Linking C executable cmTryCompileExec1641922686
/usr/bin/cmake -E cmake_link_script CMakeFiles/cmTryCompileExec1641922686.dir/link.txt --verbose=1
/usr/bin/cc   -DCHECK_FUNCTION_EXISTS=pthread_create    CMakeFiles/cmTryCompileExec1641922686.dir/CheckFunctionExists.c.o  -o cmTryCompileExec1641922686 -rdynamic -lpthread 
make[1]: Leaving directory `/home/derrick-ubuntu/Documents/cpe476/csc_476_adventure_manager/Lab1Template/CMakeFiles/CMakeTmp'


Determining if the function glXGetProcAddress exists passed with the following output:
Change Dir: /home/derrick-ubuntu/Documents/cpe476/csc_476_adventure_manager/Lab1Template/CMakeFiles/CMakeTmp

Run Build Command:/usr/bin/make "cmTryCompileExec2351557523/fast"
/usr/bin/make -f CMakeFiles/cmTryCompileExec2351557523.dir/build.make CMakeFiles/cmTryCompileExec2351557523.dir/build
make[1]: Entering directory `/home/derrick-ubuntu/Documents/cpe476/csc_476_adventure_manager/Lab1Template/CMakeFiles/CMakeTmp'
/usr/bin/cmake -E cmake_progress_report /home/derrick-ubuntu/Documents/cpe476/csc_476_adventure_manager/Lab1Template/CMakeFiles/CMakeTmp/CMakeFiles 1
Building C object CMakeFiles/cmTryCompileExec2351557523.dir/CheckFunctionExists.c.o
/usr/bin/cc   -DCHECK_FUNCTION_EXISTS=glXGetProcAddress   -o CMakeFiles/cmTryCompileExec2351557523.dir/CheckFunctionExists.c.o   -c /usr/share/cmake-2.8/Modules/CheckFunctionExists.c
Linking C executable cmTryCompileExec2351557523
/usr/bin/cmake -E cmake_link_script CMakeFiles/cmTryCompileExec2351557523.dir/link.txt --verbose=1
/usr/bin/cc   -DCHECK_FUNCTION_EXISTS=glXGetProcAddress    CMakeFiles/cmTryCompileExec2351557523.dir/CheckFunctionExists.c.o  -o cmTryCompileExec2351557523 -rdynamic -lGL 
make[1]: Leaving directory `/home/derrick-ubuntu/Documents/cpe476/csc_476_adventure_manager/Lab1Template/CMakeFiles/CMakeTmp'


Determining if the function glXGetProcAddressARB exists passed with the following output:
Change Dir: /home/derrick-ubuntu/Documents/cpe476/csc_476_adventure_manager/Lab1Template/CMakeFiles/CMakeTmp

Run Build Command:/usr/bin/make "cmTryCompileExec74815016/fast"
/usr/bin/make -f CMakeFiles/cmTryCompileExec74815016.dir/build.make CMakeFiles/cmTryCompileExec74815016.dir/build
make[1]: Entering directory `/home/derrick-ubuntu/Documents/cpe476/csc_476_adventure_manager/Lab1Template/CMakeFiles/CMakeTmp'
/usr/bin/cmake -E cmake_progress_report /home/derrick-ubuntu/Documents/cpe476/csc_476_adventure_manager/Lab1Template/CMakeFiles/CMakeTmp/CMakeFiles 1
Building C object CMakeFiles/cmTryCompileExec74815016.dir/CheckFunctionExists.c.o
/usr/bin/cc   -DCHECK_FUNCTION_EXISTS=glXGetProcAddressARB   -o CMakeFiles/cmTryCompileExec74815016.dir/CheckFunctionExists.c.o   -c /usr/share/cmake-2.8/Modules/CheckFunctionExists.c
Linking C executable cmTryCompileExec74815016
/usr/bin/cmake -E cmake_link_script CMakeFiles/cmTryCompileExec74815016.dir/link.txt --verbose=1
/usr/bin/cc   -DCHECK_FUNCTION_EXISTS=glXGetProcAddressARB    CMakeFiles/cmTryCompileExec74815016.dir/CheckFunctionExists.c.o  -o cmTryCompileExec74815016 -rdynamic -lGL 
make[1]: Leaving directory `/home/derrick-ubuntu/Documents/cpe476/csc_476_adventure_manager/Lab1Template/CMakeFiles/CMakeTmp'


Performing C++ SOURCE FILE Test COMPILER_SUPPORTS_CXX11 succeded with the following output:
Change Dir: /home/derrick-ubuntu/Documents/cpe476/csc_476_adventure_manager/Lab1Template/CMakeFiles/CMakeTmp

Run Build Command:/usr/bin/make "cmTryCompileExec1102082483/fast"
/usr/bin/make -f CMakeFiles/cmTryCompileExec1102082483.dir/build.make CMakeFiles/cmTryCompileExec1102082483.dir/build
make[1]: Entering directory `/home/derrick-ubuntu/Documents/cpe476/csc_476_adventure_manager/Lab1Template/CMakeFiles/CMakeTmp'
/usr/bin/cmake -E cmake_progress_report /home/derrick-ubuntu/Documents/cpe476/csc_476_adventure_manager/Lab1Template/CMakeFiles/CMakeTmp/CMakeFiles 1
Building CXX object CMakeFiles/cmTryCompileExec1102082483.dir/src.cxx.o
/usr/bin/c++    -DCOMPILER_SUPPORTS_CXX11   -std=c++11 -o CMakeFiles/cmTryCompileExec1102082483.dir/src.cxx.o -c /home/derrick-ubuntu/Documents/cpe476/csc_476_adventure_manager/Lab1Template/CMakeFiles/CMakeTmp/src.cxx
Linking CXX executable cmTryCompileExec1102082483
/usr/bin/cmake -E cmake_link_script CMakeFiles/cmTryCompileExec1102082483.dir/link.txt --verbose=1
/usr/bin/c++    -DCOMPILER_SUPPORTS_CXX11    CMakeFiles/cmTryCompileExec1102082483.dir/src.cxx.o  -o cmTryCompileExec1102082483 -rdynamic 
make[1]: Leaving directory `/home/derrick-ubuntu/Documents/cpe476/csc_476_adventure_manager/Lab1Template/CMakeFiles/CMakeTmp'

Source file was:
int main() { return 0;}
Performing C++ SOURCE FILE Test COMPILER_SUPPORTS_CXX0X succeded with the following output:
Change Dir: /home/derrick-ubuntu/Documents/cpe476/csc_476_adventure_manager/Lab1Template/CMakeFiles/CMakeTmp

Run Build Command:/usr/bin/make "cmTryCompileExec2244777693/fast"
/usr/bin/make -f CMakeFiles/cmTryCompileExec2244777693.dir/build.make CMakeFiles/cmTryCompileExec2244777693.dir/build
make[1]: Entering directory `/home/derrick-ubuntu/Documents/cpe476/csc_476_adventure_manager/Lab1Template/CMakeFiles/CMakeTmp'
/usr/bin/cmake -E cmake_progress_report /home/derrick-ubuntu/Documents/cpe476/csc_476_adventure_manager/Lab1Template/CMakeFiles/CMakeTmp/CMakeFiles 1
Building CXX object CMakeFiles/cmTryCompileExec2244777693.dir/src.cxx.o
/usr/bin/c++    -DCOMPILER_SUPPORTS_CXX0X   -std=c++0x -o CMakeFiles/cmTryCompileExec2244777693.dir/src.cxx.o -c /home/derrick-ubuntu/Documents/cpe476/csc_476_adventure_manager/Lab1Template/CMakeFiles/CMakeTmp/src.cxx
Linking CXX executable cmTryCompileExec2244777693
/usr/bin/cmake -E cmake_link_script CMakeFiles/cmTryCompileExec2244777693.dir/link.txt --verbose=1
/usr/bin/c++    -DCOMPILER_SUPPORTS_CXX0X    CMakeFiles/cmTryCompileExec2244777693.dir/src.cxx.o  -o cmTryCompileExec2244777693 -rdynamic 
make[1]: Leaving directory `/home/derrick-ubuntu/Documents/cpe476/csc_476_adventure_manager/Lab1Template/CMakeFiles/CMakeTmp'

Source file was:
int main() { return 0;}
